make all --print-data-base --no-builtin-variables --no-builtin-rules --question
make: *** No rule to make target 'all'.  Stop.

# GNU Make 4.3
# Built for x86_64-pc-linux-gnu
# Copyright (C) 1988-2020 Free Software Foundation, Inc.
# License GPLv3+: GNU GPL version 3 or later <http://gnu.org/licenses/gpl.html>
# This is free software: you are free to change and redistribute it.
# There is NO WARRANTY, to the extent permitted by law.

# Make data base, printed on Thu Jun 16 10:21:34 2022

# Variables

# environment
GDK_BACKEND = x11
# environment
LC_ALL = C
# environment
GTK_RC_FILES = /etc/gtk/gtkrc:/home/fuzzyp/.gtkrc:/home/fuzzyp/.config/gtkrc
# environment
LOCAL_GIT_DIRECTORY = /usr/lib/github-desktop/resources/app/git
# environment
VSCODE_IPC_HOOK_EXTHOST = /run/user/1000/vscode-ipc-f52db0e5-2fc9-4cbe-b912-c61aedabf560.sock
# environment
LC_NAME = en_US.UTF-8
# environment
LC_NUMERIC = en_US.UTF-8
# environment
VSCODE_CWD = /home/fuzzyp
# environment
LC_ADDRESS = en_US.UTF-8
# default
MAKE_COMMAND := make
# environment
QT_ACCESSIBILITY = 1
# automatic
@D = $(patsubst %/,%,$(dir $@))
# environment
VSCODE_HANDLES_UNCAUGHT_ERRORS = true
# default
.VARIABLES := 
# environment
PWD = /home/fuzzyp/Documents/GitHub/mydevlog
# automatic
%D = $(patsubst %/,%,$(dir $%))
# environment
XDG_DATA_DIRS = /usr/share/plasma:/usr/share/gnome:/home/fuzzyp/.local/share/flatpak/exports/share:/var/lib/flatpak/exports/share:/usr/local/share:/usr/share:/var/lib/snapd/desktop
# automatic
^D = $(patsubst %/,%,$(dir $^))
# environment
VSCODE_LOG_STACK = false
# automatic
%F = $(notdir $%)
# environment
VSCODE_CODE_CACHE_PATH = /home/fuzzyp/.config/Code/CachedData/30d9c6cd9483b2cc586687151bcbcd635f373630
# environment
XDG_SESSION_PATH = /org/freedesktop/DisplayManager/Session1
# environment
LANG = C
# environment
XAUTHORITY = /home/fuzzyp/.Xauthority
# default
.LOADED := 
# default
.INCLUDE_DIRS = /usr/local/include /usr/include /usr/include
# makefile
MAKEFLAGS = pqrR
# makefile
CURDIR := /home/fuzzyp/Documents/GitHub/mydevlog
# environment
VSCODE_PIPE_LOGGING = true
# environment
APPLICATION_INSIGHTS_NO_DIAGNOSTIC_CHANNEL = true
# automatic
*D = $(patsubst %/,%,$(dir $*))
# environment
PAM_KWALLET5_LOGIN = /run/user/1000/kwallet5.socket
# environment
MFLAGS = -pqrR
# environment
SSH_AUTH_SOCK = /tmp/ssh-XXXXXXdvIEIR/agent.1637
# default
.SHELLFLAGS := -c
# environment
XDG_CONFIG_DIRS = /home/fuzzyp/.config/kdedefaults:/etc/xdg/xdg-plasma:/etc/xdg:/usr/share/ubuntustudio/kf5-settings
# automatic
+D = $(patsubst %/,%,$(dir $+))
# environment
XCURSOR_THEME = breeze_cursors
# environment
XDG_SESSION_DESKTOP = KDE
# makefile
MAKEFILE_LIST := 
# automatic
@F = $(notdir $@)
# environment
VSCODE_VERBOSE_LOGGING = true
# environment
VSCODE_PID = 5720
# environment
XDG_SESSION_TYPE = x11
# automatic
?D = $(patsubst %/,%,$(dir $?))
# environment
SESSION_MANAGER = local/fuzzyp-US:@/tmp/.ICE-unix/1777,unix/fuzzyp-US:/tmp/.ICE-unix/1777
# automatic
*F = $(notdir $*)
# environment
CHROME_DESKTOP = code-url-handler.desktop
# environment
DBUS_SESSION_BUS_ADDRESS = unix:path=/run/user/1000/bus
# automatic
<D = $(patsubst %/,%,$(dir $<))
# environment
VSCODE_NLS_CONFIG = {"locale":"en-us","availableLanguages":{},"_languagePackSupport":true}
# default
MAKE_HOST := x86_64-pc-linux-gnu
# makefile
SHELL = /bin/sh
# default
MAKECMDGOALS := all
# environment
SHLVL = 0
# environment
MAKELEVEL := 0
# default
MAKE = $(MAKE_COMMAND)
# environment
PATH = /usr/local/sbin:/usr/local/bin:/usr/sbin:/usr/bin:/sbin:/bin:/usr/games:/usr/local/games:/snap/bin:/home/fuzzyp/.dotnet/tools
# default
MAKEFILES := 
# environment
LC_MONETARY = en_US.UTF-8
# automatic
^F = $(notdir $^)
# environment
LC_TIME = en_US.UTF-8
# environment
VSCODE_LOG_NATIVE = false
# environment
LC_TELEPHONE = en_US.UTF-8
# automatic
?F = $(notdir $?)
# environment
KDE_APPLICATIONS_AS_SCOPE = 1
# environment
XDG_SEAT = seat0
# environment
XDG_CURRENT_DESKTOP = KDE
# automatic
+F = $(notdir $+)
# environment
XDG_SEAT_PATH = /org/freedesktop/DisplayManager/Seat0
# environment
DESKTOP_SESSION = plasma
# environment
ORIGINAL_XDG_CURRENT_DESKTOP = KDE
# 'override' directive
GNUMAKEFLAGS := 
# environment
QT_SCREEN_SCALE_FACTORS = DP-1=1;HDMI-1=1;DP-2=1;DVI-D-1=1;
# environment
LOGNAME = fuzzyp
# environment
XDG_VTNR = 1
# makefile
.DEFAULT_GOAL := 
# environment
SYSTEMD_EXEC_PID = 1606
# environment
DISPLAY = :0
# environment
USER = fuzzyp
# environment
GTK_MODULES = gail:atk-bridge
# default
MAKE_VERSION := 4.3
# environment
KDE_SESSION_UID = 1000
# environment
LC_MEASUREMENT = en_US.UTF-8
# environment
SSH_AGENT_PID = 1704
# environment
LC_PAPER = en_US.UTF-8
# environment
XDG_RUNTIME_DIR = /run/user/1000
# environment
GPG_AGENT_INFO = /run/user/1000/gnupg/S.gpg-agent:0:1
# environment
XDG_SESSION_CLASS = user
# environment
VSCODE_AMD_ENTRYPOINT = vs/workbench/api/node/extensionHostProcess
# environment
GTK2_RC_FILES = /etc/gtk-2.0/gtkrc:/home/fuzzyp/.gtkrc-2.0:/home/fuzzyp/.config/gtkrc-2.0
# environment
HOME = /home/fuzzyp
# environment
ELECTRON_RUN_AS_NODE = 1
# environment
VSCODE_IPC_HOOK = /run/user/1000/vscode-e14b3cda-1.68.1-main.sock
# environment
XDG_SESSION_ID = 3
# environment
XCURSOR_SIZE = 24
# environment
IM_CONFIG_PHASE = 1
# default
.RECIPEPREFIX := 
# automatic
<F = $(notdir $<)
# default
SUFFIXES := 
# environment
QT_AUTO_SCREEN_SCALE_FACTOR = 0
# environment
VSCODE_CLI = 1
# environment
ELECTRON_NO_ATTACH_CONSOLE = 1
# environment
KDE_SESSION_VERSION = 5
# default
.FEATURES := target-specific order-only second-expansion else-if shortest-stem undefine oneshell nocomment grouped-target extra-prereqs archives jobserver output-sync check-symlink load
# environment
KDE_FULL_SESSION = true
# environment
LC_IDENTIFICATION = en_US.UTF-8
# variable set hash-table stats:
# Load=107/1024=10%, Rehash=0, Collisions=4/134=3%

# Pattern-specific Variable Values

# No pattern-specific variable values.

# Directories

# . (device 66309, inode 10623648): 14 files, no impossibilities.

# 14 files, no impossibilities in 1 directories.

# Implicit Rules

# No implicit rules.

# Files

# Not a target:
Makefile:
#  Implicit rule search has been done.
#  File does not exist.
#  File has been updated.
#  Failed to be updated.

# Not a target:
.DEFAULT:
#  Implicit rule search has not been done.
#  Modification time never checked.
#  File has not been updated.

# Not a target:
all:
#  Command line target.
#  Implicit rule search has been done.
#  File does not exist.
#  File has not been updated.

# Not a target:
makefile:
#  Implicit rule search has been done.
#  File does not exist.
#  File has been updated.
#  Failed to be updated.

# Not a target:
GNUmakefile:
#  Implicit rule search has been done.
#  File does not exist.
#  File has been updated.
#  Failed to be updated.

# files hash-table stats:
# Load=6/1024=1%, Rehash=0, Collisions=0/15=0%
# VPATH Search Paths

 
# No 'vpath' search paths.

# No general ('VPATH' variable) search path.

# strcache buffers: 1 (0) / strings = 22 / storage = 194 B / avg = 8 B
# current buf: size = 8162 B / used = 194 B / count = 22 / avg = 8 B

# strcache performance: lookups = 25 / hit rate = 12%
# hash-table stats:
# Load=22/8192=0%, Rehash=0, Collisions=0/25=0%
# Finished Make data base on Thu Jun 16 10:21:34 2022

 
